build/app/intermediates/manifest_merge_blame_file/debug/manifest-merger-blame-debug-report.txt
1<?xml version="1.0" encoding="utf-8"?>
2<manifest xmlns:android="http://schemas.android.com/apk/res/android"
3    package="com.iqonic.prokitflutter"
4    android:versionCode="23"
5    android:versionName="5.2.0" >
6
7    <uses-sdk
8        android:minSdkVersion="21"
9        android:targetSdkVersion="30" />
10    <!--
11         Flutter needs it to communicate with the running application
12         to allow setting breakpoints, to provide hot reload, etc.
13    -->
14    <uses-permission android:name="android.permission.INTERNET" />
14-->src\main\AndroidManifest.xml:4:5-67
14-->src\main\AndroidManifest.xml:4:22-64
15    <uses-permission android:name="android.permission.ACCESS_NETWORK_STATE" />
15-->src\main\AndroidManifest.xml:5:5-79
15-->src\main\AndroidManifest.xml:5:22-76
16    <uses-permission android:name="android.permission.ACCESS_FINE_LOCATION" />
16-->src\main\AndroidManifest.xml:6:5-79
16-->src\main\AndroidManifest.xml:6:22-76
17    <uses-permission android:name="android.permission.ACCESS_COARSE_LOCATION" />
17-->src\main\AndroidManifest.xml:7:5-81
17-->src\main\AndroidManifest.xml:7:22-78
18    <uses-permission android:name="android.permission.USE_BIOMETRIC" />
18-->src\main\AndroidManifest.xml:8:5-72
18-->src\main\AndroidManifest.xml:8:22-69
19    <uses-permission android:name="android.permission.READ_EXTERNAL_STORAGE" />
19-->[:file_picker] AndroidManifest.xml:7:5-80
19-->[:file_picker] AndroidManifest.xml:7:22-77
20
21    <queries>
21-->[:file_picker] AndroidManifest.xml:9:5-15:15
22        <intent>
22-->[:file_picker] AndroidManifest.xml:10:9-14:18
23            <action android:name="android.intent.action.GET_CONTENT" />
23-->[:file_picker] AndroidManifest.xml:11:13-72
23-->[:file_picker] AndroidManifest.xml:11:21-69
24
25            <data android:mimeType="*/*" />
25-->[:file_picker] AndroidManifest.xml:13:13-44
25-->[:file_picker] AndroidManifest.xml:13:19-41
26        </intent>
27    </queries>
28
29    <uses-permission android:name="android.permission.WRITE_EXTERNAL_STORAGE" />
29-->[:image_picker] AndroidManifest.xml:8:5-81
29-->[:image_picker] AndroidManifest.xml:8:22-78
30    <uses-permission android:name="android.permission.USE_FINGERPRINT" />
30-->[:local_auth] AndroidManifest.xml:9:5-74
30-->[:local_auth] AndroidManifest.xml:9:22-71
31    <uses-permission android:name="android.permission.RECEIVE_BOOT_COMPLETED" />
31-->[:flutter_local_notifications] AndroidManifest.xml:7:5-81
31-->[:flutter_local_notifications] AndroidManifest.xml:7:22-78
32    <uses-permission android:name="android.permission.VIBRATE" />
32-->[:flutter_local_notifications] AndroidManifest.xml:8:5-66
32-->[:flutter_local_notifications] AndroidManifest.xml:8:22-63
33    <uses-permission android:name="android.permission.USE_FULL_SCREEN_INTENT" />
33-->[:flutter_local_notifications] AndroidManifest.xml:9:5-81
33-->[:flutter_local_notifications] AndroidManifest.xml:9:22-78
34
35    <uses-feature
35-->[com.google.android.gms:play-services-maps:17.0.0] AndroidManifest.xml:26:5-28:35
36        android:glEsVersion="0x00020000"
36-->[com.google.android.gms:play-services-maps:17.0.0] AndroidManifest.xml:27:9-41
37        android:required="true" />
37-->[com.google.android.gms:play-services-maps:17.0.0] AndroidManifest.xml:28:9-32
38
39    <uses-permission android:name="android.permission.WAKE_LOCK" />
39-->[com.google.android.gms:play-services-measurement:18.0.2] AndroidManifest.xml:25:5-68
39-->[com.google.android.gms:play-services-measurement:18.0.2] AndroidManifest.xml:25:22-65
40    <uses-permission android:name="com.google.android.finsky.permission.BIND_GET_INSTALL_REFERRER_SERVICE" /> <!-- Android package visibility setting -->
40-->[com.google.android.gms:play-services-measurement:18.0.2] AndroidManifest.xml:26:5-110
40-->[com.google.android.gms:play-services-measurement:18.0.2] AndroidManifest.xml:26:22-107
41    <queries>
41-->[:file_picker] AndroidManifest.xml:9:5-15:15
42
43        <!-- For browser content -->
44        <intent>
44-->[:file_picker] AndroidManifest.xml:10:9-14:18
45            <action android:name="android.intent.action.VIEW" />
46
47            <category android:name="android.intent.category.BROWSABLE" />
48
49            <data android:scheme="https" />
49-->[:file_picker] AndroidManifest.xml:13:13-44
50        </intent>
51        <!-- End of browser content -->
52        <!-- For CustomTabsService -->
53        <intent>
53-->[:file_picker] AndroidManifest.xml:10:9-14:18
54            <action android:name="android.support.customtabs.action.CustomTabsService" />
55        </intent>
56        <!-- End of CustomTabsService -->
57    </queries>
58
59    <application
59-->src\main\AndroidManifest.xml:10:5-43:19
60        android:name="io.flutter.app.FlutterApplication"
60-->src\main\AndroidManifest.xml:11:9-57
61        android:allowBackup="true"
61-->src\main\AndroidManifest.xml:12:9-35
62        android:appComponentFactory="androidx.core.app.CoreComponentFactory"
62-->[androidx.core:core:1.3.2] AndroidManifest.xml:24:18-86
63        android:debuggable="true"
64        android:fullBackupContent="true"
64-->src\main\AndroidManifest.xml:13:9-41
65        android:icon="@mipmap/ic_launcher"
65-->src\main\AndroidManifest.xml:14:9-43
66        android:label="ProKit Flutter"
66-->src\main\AndroidManifest.xml:15:9-39
67        android:usesCleartextTraffic="true" >
67-->src\main\AndroidManifest.xml:16:9-44
68        <activity
68-->src\main\AndroidManifest.xml:17:9-28:20
69            android:name="com.iqonic.prokit_flutter.MainActivity"
69-->src\main\AndroidManifest.xml:18:13-41
70            android:configChanges="orientation|keyboardHidden|keyboard|screenSize|smallestScreenSize|locale|layoutDirection|fontScale|screenLayout|density|uiMode"
70-->src\main\AndroidManifest.xml:19:13-163
71            android:hardwareAccelerated="true"
71-->src\main\AndroidManifest.xml:20:13-47
72            android:launchMode="singleTop"
72-->src\main\AndroidManifest.xml:21:13-43
73            android:theme="@style/LaunchTheme"
73-->src\main\AndroidManifest.xml:22:13-47
74            android:windowSoftInputMode="adjustResize" >
74-->src\main\AndroidManifest.xml:23:13-55
75            <intent-filter>
75-->src\main\AndroidManifest.xml:24:13-27:29
76                <action android:name="android.intent.action.MAIN" />
76-->src\main\AndroidManifest.xml:25:17-69
76-->src\main\AndroidManifest.xml:25:25-66
77
78                <category android:name="android.intent.category.LAUNCHER" />
78-->src\main\AndroidManifest.xml:26:17-77
78-->src\main\AndroidManifest.xml:26:27-74
79            </intent-filter>
80        </activity>
81
82        <meta-data
82-->src\main\AndroidManifest.xml:30:9-32:52
83            android:name="com.google.android.gms.ads.APPLICATION_ID"
83-->src\main\AndroidManifest.xml:31:13-69
84            android:value="@string/abmob_app_id" />
84-->src\main\AndroidManifest.xml:32:13-49
85
86        <!--
87             Don't delete the meta-data below.
88             This is used by the Flutter tool to generate GeneratedPluginRegistrant.java
89        -->
90        <meta-data
90-->src\main\AndroidManifest.xml:36:9-38:33
91            android:name="flutterEmbedding"
91-->src\main\AndroidManifest.xml:37:13-44
92            android:value="2" />
92-->src\main\AndroidManifest.xml:38:13-30
93        <meta-data
93-->src\main\AndroidManifest.xml:39:9-41:55
94            android:name="com.google.android.geo.API_KEY"
94-->src\main\AndroidManifest.xml:40:13-58
95            android:value="@string/google_maps_key" />
95-->src\main\AndroidManifest.xml:41:13-52
96
97        <activity
97-->[:razorpay_flutter] AndroidManifest.xml:8:9-11:20
98            android:name="com.razorpay.CheckoutActivity"
98-->[:razorpay_flutter] AndroidManifest.xml:9:13-57
99            android:configChanges="keyboard|keyboardHidden|orientation|screenSize"
99-->[com.razorpay:checkout:1.6.6] AndroidManifest.xml:20:13-83
100            android:label="Razorpay Checkout"
100-->[:razorpay_flutter] AndroidManifest.xml:10:13-46
101            android:theme="@style/CheckoutTheme" >
101-->[com.razorpay:checkout:1.6.6] AndroidManifest.xml:21:13-49
102            <intent-filter>
102-->[com.razorpay:checkout:1.6.6] AndroidManifest.xml:22:13-28:29
103                <action android:name="android.intent.action.MAIN" />
103-->src\main\AndroidManifest.xml:25:17-69
103-->src\main\AndroidManifest.xml:25:25-66
104
105                <data
105-->[:file_picker] AndroidManifest.xml:13:13-44
106                    android:host="rzp.io"
107                    android:scheme="io.rzp" />
108            </intent-filter>
109        </activity>
110
111        <provider
111-->[:image_picker] AndroidManifest.xml:11:9-19:20
112            android:name="io.flutter.plugins.imagepicker.ImagePickerFileProvider"
112-->[:image_picker] AndroidManifest.xml:12:13-82
113            android:authorities="com.iqonic.prokitflutter.flutter.image_provider"
113-->[:image_picker] AndroidManifest.xml:13:13-74
114            android:exported="false"
114-->[:image_picker] AndroidManifest.xml:14:13-37
115            android:grantUriPermissions="true" >
115-->[:image_picker] AndroidManifest.xml:15:13-47
116            <meta-data
116-->[:image_picker] AndroidManifest.xml:16:13-18:75
117                android:name="android.support.FILE_PROVIDER_PATHS"
117-->[:image_picker] AndroidManifest.xml:17:17-67
118                android:resource="@xml/flutter_image_picker_file_paths" />
118-->[:image_picker] AndroidManifest.xml:18:17-72
119        </provider>
120
121        <meta-data
121-->[:google_mobile_ads] AndroidManifest.xml:10:9-12:36
122            android:name="io.flutter.embedded_views_preview"
122-->[:google_mobile_ads] AndroidManifest.xml:11:13-61
123            android:value="true" />
123-->[:google_mobile_ads] AndroidManifest.xml:12:13-33
124
125        <receiver android:name="com.dexterous.flutterlocalnotifications.ScheduledNotificationReceiver" />
125-->[:flutter_local_notifications] AndroidManifest.xml:12:9-106
125-->[:flutter_local_notifications] AndroidManifest.xml:12:19-103
126        <receiver android:name="com.dexterous.flutterlocalnotifications.ScheduledNotificationBootReceiver" >
126-->[:flutter_local_notifications] AndroidManifest.xml:13:9-20:20
126-->[:flutter_local_notifications] AndroidManifest.xml:13:19-107
127            <intent-filter>
127-->[:flutter_local_notifications] AndroidManifest.xml:14:13-19:29
128                <action android:name="android.intent.action.BOOT_COMPLETED" />
128-->[:flutter_local_notifications] AndroidManifest.xml:15:17-79
128-->[:flutter_local_notifications] AndroidManifest.xml:15:25-76
129                <action android:name="android.intent.action.MY_PACKAGE_REPLACED" />
129-->[:flutter_local_notifications] AndroidManifest.xml:16:17-84
129-->[:flutter_local_notifications] AndroidManifest.xml:16:25-81
130                <action android:name="android.intent.action.QUICKBOOT_POWERON" />
130-->[:flutter_local_notifications] AndroidManifest.xml:17:17-82
130-->[:flutter_local_notifications] AndroidManifest.xml:17:25-79
131                <action android:name="com.htc.intent.action.QUICKBOOT_POWERON" />
131-->[:flutter_local_notifications] AndroidManifest.xml:18:17-82
131-->[:flutter_local_notifications] AndroidManifest.xml:18:25-79
132            </intent-filter>
133        </receiver>
134
135        <service
135-->[:firebase_crashlytics] AndroidManifest.xml:8:9-12:19
136            android:name="com.google.firebase.components.ComponentDiscoveryService"
136-->[:firebase_crashlytics] AndroidManifest.xml:8:18-89
137            android:directBootAware="true"
137-->[com.google.firebase:firebase-common:19.5.0] AndroidManifest.xml:35:13-43
138            android:exported="false" >
138-->[com.google.firebase:firebase-crashlytics:17.3.1] AndroidManifest.xml:17:13-37
139            <meta-data
139-->[:firebase_crashlytics] AndroidManifest.xml:9:13-11:85
140                android:name="com.google.firebase.components:io.flutter.plugins.firebase.crashlytics.FlutterFirebaseAppRegistrar"
140-->[:firebase_crashlytics] AndroidManifest.xml:10:17-130
141                android:value="com.google.firebase.components.ComponentRegistrar" />
141-->[:firebase_crashlytics] AndroidManifest.xml:11:17-82
142            <meta-data
142-->[:firebase_core] AndroidManifest.xml:9:13-11:85
143                android:name="com.google.firebase.components:io.flutter.plugins.firebase.core.FlutterFirebaseCoreRegistrar"
143-->[:firebase_core] AndroidManifest.xml:10:17-124
144                android:value="com.google.firebase.components.ComponentRegistrar" />
144-->[:firebase_core] AndroidManifest.xml:11:17-82
145            <meta-data
145-->[com.google.firebase:firebase-crashlytics:17.3.1] AndroidManifest.xml:18:13-20:85
146                android:name="com.google.firebase.components:com.google.firebase.crashlytics.CrashlyticsRegistrar"
146-->[com.google.firebase:firebase-crashlytics:17.3.1] AndroidManifest.xml:19:17-115
147                android:value="com.google.firebase.components.ComponentRegistrar" />
147-->[com.google.firebase:firebase-crashlytics:17.3.1] AndroidManifest.xml:20:17-82
148            <meta-data
148-->[com.google.android.gms:play-services-measurement-api:18.0.2] AndroidManifest.xml:30:13-32:85
149                android:name="com.google.firebase.components:com.google.firebase.analytics.connector.internal.AnalyticsConnectorRegistrar"
149-->[com.google.android.gms:play-services-measurement-api:18.0.2] AndroidManifest.xml:31:17-139
150                android:value="com.google.firebase.components.ComponentRegistrar" />
150-->[com.google.android.gms:play-services-measurement-api:18.0.2] AndroidManifest.xml:32:17-82
151            <meta-data
151-->[com.google.firebase:firebase-installations:16.3.5] AndroidManifest.xml:18:13-20:85
152                android:name="com.google.firebase.components:com.google.firebase.installations.FirebaseInstallationsRegistrar"
152-->[com.google.firebase:firebase-installations:16.3.5] AndroidManifest.xml:19:17-127
153                android:value="com.google.firebase.components.ComponentRegistrar" />
153-->[com.google.firebase:firebase-installations:16.3.5] AndroidManifest.xml:20:17-82
154            <!--
155                This registrar is not defined in the dynamic-module-support sdk itself to allow non-firebase
156                clients to use it as well, by defining this registrar in their own core/common library.
157            -->
158            <meta-data
158-->[com.google.firebase:firebase-common:19.5.0] AndroidManifest.xml:43:13-45:85
159                android:name="com.google.firebase.components:com.google.firebase.dynamicloading.DynamicLoadingRegistrar"
159-->[com.google.firebase:firebase-common:19.5.0] AndroidManifest.xml:44:17-121
160                android:value="com.google.firebase.components.ComponentRegistrar" />
160-->[com.google.firebase:firebase-common:19.5.0] AndroidManifest.xml:45:17-82
161        </service>
162
163        <provider
163-->[:share] AndroidManifest.xml:8:9-16:20
164            android:name="io.flutter.plugins.share.ShareFileProvider"
164-->[:share] AndroidManifest.xml:9:13-70
165            android:authorities="com.iqonic.prokitflutter.flutter.share_provider"
165-->[:share] AndroidManifest.xml:10:13-74
166            android:exported="false"
166-->[:share] AndroidManifest.xml:11:13-37
167            android:grantUriPermissions="true" >
167-->[:share] AndroidManifest.xml:12:13-47
168            <meta-data
168-->[:image_picker] AndroidManifest.xml:16:13-18:75
169                android:name="android.support.FILE_PROVIDER_PATHS"
169-->[:image_picker] AndroidManifest.xml:17:17-67
170                android:resource="@xml/flutter_share_file_paths" />
170-->[:image_picker] AndroidManifest.xml:18:17-72
171        </provider>
172
173        <activity
173-->[:url_launcher] AndroidManifest.xml:8:9-11:74
174            android:name="io.flutter.plugins.urllauncher.WebViewActivity"
174-->[:url_launcher] AndroidManifest.xml:9:13-74
175            android:exported="false"
175-->[:url_launcher] AndroidManifest.xml:10:13-37
176            android:theme="@android:style/Theme.NoTitleBar.Fullscreen" />
176-->[:url_launcher] AndroidManifest.xml:11:13-71
177
178        <receiver android:name="com.razorpay.RzpTokenReceiver" >
178-->[com.razorpay:checkout:1.6.6] AndroidManifest.xml:12:9-16:20
178-->[com.razorpay:checkout:1.6.6] AndroidManifest.xml:12:19-63
179            <intent-filter>
179-->[com.razorpay:checkout:1.6.6] AndroidManifest.xml:13:13-15:29
180                <action android:name="rzp.device_token.share" />
180-->[com.razorpay:checkout:1.6.6] AndroidManifest.xml:14:17-65
180-->[com.razorpay:checkout:1.6.6] AndroidManifest.xml:14:25-62
181            </intent-filter>
182        </receiver> <!-- Needs to be explicitly declared on P+ -->
183        <uses-library
183-->[com.google.android.gms:play-services-maps:17.0.0] AndroidManifest.xml:33:9-35:40
184            android:name="org.apache.http.legacy"
184-->[com.google.android.gms:play-services-maps:17.0.0] AndroidManifest.xml:34:13-50
185            android:required="false" />
185-->[com.google.android.gms:play-services-maps:17.0.0] AndroidManifest.xml:35:13-37
186
187        <activity
187-->[com.google.android.gms:play-services-auth:17.0.0] AndroidManifest.xml:23:9-27:75
188            android:name="com.google.android.gms.auth.api.signin.internal.SignInHubActivity"
188-->[com.google.android.gms:play-services-auth:17.0.0] AndroidManifest.xml:24:13-93
189            android:excludeFromRecents="true"
189-->[com.google.android.gms:play-services-auth:17.0.0] AndroidManifest.xml:25:13-46
190            android:exported="false"
190-->[com.google.android.gms:play-services-auth:17.0.0] AndroidManifest.xml:26:13-37
191            android:theme="@android:style/Theme.Translucent.NoTitleBar" />
191-->[com.google.android.gms:play-services-auth:17.0.0] AndroidManifest.xml:27:13-72
192        <!--
193            Service handling Google Sign-In user revocation. For apps that do not integrate with
194            Google Sign-In, this service will never be started.
195        -->
196        <service
196-->[com.google.android.gms:play-services-auth:17.0.0] AndroidManifest.xml:33:9-36:110
197            android:name="com.google.android.gms.auth.api.signin.RevocationBoundService"
197-->[com.google.android.gms:play-services-auth:17.0.0] AndroidManifest.xml:34:13-89
198            android:exported="true"
198-->[com.google.android.gms:play-services-auth:17.0.0] AndroidManifest.xml:35:13-36
199            android:permission="com.google.android.gms.auth.api.signin.permission.REVOCATION_NOTIFICATION" />
199-->[com.google.android.gms:play-services-auth:17.0.0] AndroidManifest.xml:36:13-107
200
201        <receiver
201-->[com.google.android.gms:play-services-measurement:18.0.2] AndroidManifest.xml:29:9-33:20
202            android:name="com.google.android.gms.measurement.AppMeasurementReceiver"
202-->[com.google.android.gms:play-services-measurement:18.0.2] AndroidManifest.xml:30:13-85
203            android:enabled="true"
203-->[com.google.android.gms:play-services-measurement:18.0.2] AndroidManifest.xml:31:13-35
204            android:exported="false" >
204-->[com.google.android.gms:play-services-measurement:18.0.2] AndroidManifest.xml:32:13-37
205        </receiver>
206
207        <service
207-->[com.google.android.gms:play-services-measurement:18.0.2] AndroidManifest.xml:35:9-38:40
208            android:name="com.google.android.gms.measurement.AppMeasurementService"
208-->[com.google.android.gms:play-services-measurement:18.0.2] AndroidManifest.xml:36:13-84
209            android:enabled="true"
209-->[com.google.android.gms:play-services-measurement:18.0.2] AndroidManifest.xml:37:13-35
210            android:exported="false" />
210-->[com.google.android.gms:play-services-measurement:18.0.2] AndroidManifest.xml:38:13-37
211        <service
211-->[com.google.android.gms:play-services-measurement:18.0.2] AndroidManifest.xml:39:9-43:72
212            android:name="com.google.android.gms.measurement.AppMeasurementJobService"
212-->[com.google.android.gms:play-services-measurement:18.0.2] AndroidManifest.xml:40:13-87
213            android:enabled="true"
213-->[com.google.android.gms:play-services-measurement:18.0.2] AndroidManifest.xml:41:13-35
214            android:exported="false"
214-->[com.google.android.gms:play-services-measurement:18.0.2] AndroidManifest.xml:42:13-37
215            android:permission="android.permission.BIND_JOB_SERVICE" />
215-->[com.google.android.gms:play-services-measurement:18.0.2] AndroidManifest.xml:43:13-69
216
217        <provider
217-->[com.google.firebase:firebase-common:19.5.0] AndroidManifest.xml:26:9-31:39
218            android:name="com.google.firebase.provider.FirebaseInitProvider"
218-->[com.google.firebase:firebase-common:19.5.0] AndroidManifest.xml:27:13-77
219            android:authorities="com.iqonic.prokitflutter.firebaseinitprovider"
219-->[com.google.firebase:firebase-common:19.5.0] AndroidManifest.xml:28:13-72
220            android:directBootAware="true"
220-->[com.google.firebase:firebase-common:19.5.0] AndroidManifest.xml:29:13-43
221            android:exported="false"
221-->[com.google.firebase:firebase-common:19.5.0] AndroidManifest.xml:30:13-37
222            android:initOrder="100" /> <!-- Include the AdActivity and InAppPurchaseActivity configChanges and themes. -->
222-->[com.google.firebase:firebase-common:19.5.0] AndroidManifest.xml:31:13-36
223        <activity
223-->[com.google.android.gms:play-services-ads-lite:19.7.0] AndroidManifest.xml:48:9-52:64
224            android:name="com.google.android.gms.ads.AdActivity"
224-->[com.google.android.gms:play-services-ads-lite:19.7.0] AndroidManifest.xml:49:13-65
225            android:configChanges="keyboard|keyboardHidden|orientation|screenLayout|uiMode|screenSize|smallestScreenSize"
225-->[com.google.android.gms:play-services-ads-lite:19.7.0] AndroidManifest.xml:50:13-122
226            android:exported="false"
226-->[com.google.android.gms:play-services-ads-lite:19.7.0] AndroidManifest.xml:51:13-37
227            android:theme="@android:style/Theme.Translucent" />
227-->[com.google.android.gms:play-services-ads-lite:19.7.0] AndroidManifest.xml:52:13-61
228
229        <provider
229-->[com.google.android.gms:play-services-ads-lite:19.7.0] AndroidManifest.xml:54:9-58:39
230            android:name="com.google.android.gms.ads.MobileAdsInitProvider"
230-->[com.google.android.gms:play-services-ads-lite:19.7.0] AndroidManifest.xml:55:13-76
231            android:authorities="com.iqonic.prokitflutter.mobileadsinitprovider"
231-->[com.google.android.gms:play-services-ads-lite:19.7.0] AndroidManifest.xml:56:13-73
232            android:exported="false"
232-->[com.google.android.gms:play-services-ads-lite:19.7.0] AndroidManifest.xml:57:13-37
233            android:initOrder="100" />
233-->[com.google.android.gms:play-services-ads-lite:19.7.0] AndroidManifest.xml:58:13-36
234
235        <service
235-->[com.google.android.gms:play-services-ads-lite:19.7.0] AndroidManifest.xml:60:9-63:40
236            android:name="com.google.android.gms.ads.AdService"
236-->[com.google.android.gms:play-services-ads-lite:19.7.0] AndroidManifest.xml:61:13-64
237            android:enabled="true"
237-->[com.google.android.gms:play-services-ads-lite:19.7.0] AndroidManifest.xml:62:13-35
238            android:exported="false" />
238-->[com.google.android.gms:play-services-ads-lite:19.7.0] AndroidManifest.xml:63:13-37
239
240        <activity
240-->[com.google.android.gms:play-services-base:17.0.0] AndroidManifest.xml:23:9-26:75
241            android:name="com.google.android.gms.common.api.GoogleApiActivity"
241-->[com.google.android.gms:play-services-base:17.0.0] AndroidManifest.xml:24:13-79
242            android:exported="false"
242-->[com.google.android.gms:play-services-base:17.0.0] AndroidManifest.xml:25:13-37
243            android:theme="@android:style/Theme.Translucent.NoTitleBar" />
243-->[com.google.android.gms:play-services-base:17.0.0] AndroidManifest.xml:26:13-72
244
245        <meta-data
245-->[com.google.android.gms:play-services-basement:17.3.0] AndroidManifest.xml:23:9-25:69
246            android:name="com.google.android.gms.version"
246-->[com.google.android.gms:play-services-basement:17.3.0] AndroidManifest.xml:24:13-58
247            android:value="@integer/google_play_services_version" />
247-->[com.google.android.gms:play-services-basement:17.3.0] AndroidManifest.xml:25:13-66
248
249        <provider
249-->[androidx.work:work-runtime:2.1.0] AndroidManifest.xml:30:9-36:35
250            android:name="androidx.work.impl.WorkManagerInitializer"
250-->[androidx.work:work-runtime:2.1.0] AndroidManifest.xml:31:13-69
251            android:authorities="com.iqonic.prokitflutter.workmanager-init"
251-->[androidx.work:work-runtime:2.1.0] AndroidManifest.xml:32:13-68
252            android:directBootAware="false"
252-->[androidx.work:work-runtime:2.1.0] AndroidManifest.xml:33:13-44
253            android:exported="false"
253-->[androidx.work:work-runtime:2.1.0] AndroidManifest.xml:34:13-37
254            android:multiprocess="true" />
254-->[androidx.work:work-runtime:2.1.0] AndroidManifest.xml:35:13-40
255
256        <service
256-->[androidx.work:work-runtime:2.1.0] AndroidManifest.xml:38:9-43:35
257            android:name="androidx.work.impl.background.systemalarm.SystemAlarmService"
257-->[androidx.work:work-runtime:2.1.0] AndroidManifest.xml:39:13-88
258            android:directBootAware="false"
258-->[androidx.work:work-runtime:2.1.0] AndroidManifest.xml:40:13-44
259            android:enabled="@bool/enable_system_alarm_service_default"
259-->[androidx.work:work-runtime:2.1.0] AndroidManifest.xml:41:13-72
260            android:exported="false" />
260-->[androidx.work:work-runtime:2.1.0] AndroidManifest.xml:42:13-37
261        <service
261-->[androidx.work:work-runtime:2.1.0] AndroidManifest.xml:44:9-50:35
262            android:name="androidx.work.impl.background.systemjob.SystemJobService"
262-->[androidx.work:work-runtime:2.1.0] AndroidManifest.xml:45:13-84
263            android:directBootAware="false"
263-->[androidx.work:work-runtime:2.1.0] AndroidManifest.xml:46:13-44
264            android:enabled="@bool/enable_system_job_service_default"
264-->[androidx.work:work-runtime:2.1.0] AndroidManifest.xml:47:13-70
265            android:exported="true"
265-->[androidx.work:work-runtime:2.1.0] AndroidManifest.xml:48:13-36
266            android:permission="android.permission.BIND_JOB_SERVICE" />
266-->[androidx.work:work-runtime:2.1.0] AndroidManifest.xml:49:13-69
267
268        <receiver
268-->[androidx.work:work-runtime:2.1.0] AndroidManifest.xml:52:9-57:35
269            android:name="androidx.work.impl.utils.ForceStopRunnable$BroadcastReceiver"
269-->[androidx.work:work-runtime:2.1.0] AndroidManifest.xml:53:13-88
270            android:directBootAware="false"
270-->[androidx.work:work-runtime:2.1.0] AndroidManifest.xml:54:13-44
271            android:enabled="true"
271-->[androidx.work:work-runtime:2.1.0] AndroidManifest.xml:55:13-35
272            android:exported="false" />
272-->[androidx.work:work-runtime:2.1.0] AndroidManifest.xml:56:13-37
273        <receiver
273-->[androidx.work:work-runtime:2.1.0] AndroidManifest.xml:58:9-68:20
274            android:name="androidx.work.impl.background.systemalarm.ConstraintProxy$BatteryChargingProxy"
274-->[androidx.work:work-runtime:2.1.0] AndroidManifest.xml:59:13-106
275            android:directBootAware="false"
275-->[androidx.work:work-runtime:2.1.0] AndroidManifest.xml:60:13-44
276            android:enabled="false"
276-->[androidx.work:work-runtime:2.1.0] AndroidManifest.xml:61:13-36
277            android:exported="false" >
277-->[androidx.work:work-runtime:2.1.0] AndroidManifest.xml:62:13-37
278            <intent-filter>
278-->[androidx.work:work-runtime:2.1.0] AndroidManifest.xml:64:13-67:29
279                <action android:name="android.intent.action.ACTION_POWER_CONNECTED" />
279-->[androidx.work:work-runtime:2.1.0] AndroidManifest.xml:65:17-87
279-->[androidx.work:work-runtime:2.1.0] AndroidManifest.xml:65:25-84
280                <action android:name="android.intent.action.ACTION_POWER_DISCONNECTED" />
280-->[androidx.work:work-runtime:2.1.0] AndroidManifest.xml:66:17-90
280-->[androidx.work:work-runtime:2.1.0] AndroidManifest.xml:66:25-87
281            </intent-filter>
282        </receiver>
283        <receiver
283-->[androidx.work:work-runtime:2.1.0] AndroidManifest.xml:69:9-79:20
284            android:name="androidx.work.impl.background.systemalarm.ConstraintProxy$BatteryNotLowProxy"
284-->[androidx.work:work-runtime:2.1.0] AndroidManifest.xml:70:13-104
285            android:directBootAware="false"
285-->[androidx.work:work-runtime:2.1.0] AndroidManifest.xml:71:13-44
286            android:enabled="false"
286-->[androidx.work:work-runtime:2.1.0] AndroidManifest.xml:72:13-36
287            android:exported="false" >
287-->[androidx.work:work-runtime:2.1.0] AndroidManifest.xml:73:13-37
288            <intent-filter>
288-->[androidx.work:work-runtime:2.1.0] AndroidManifest.xml:75:13-78:29
289                <action android:name="android.intent.action.BATTERY_OKAY" />
289-->[androidx.work:work-runtime:2.1.0] AndroidManifest.xml:76:17-77
289-->[androidx.work:work-runtime:2.1.0] AndroidManifest.xml:76:25-74
290                <action android:name="android.intent.action.BATTERY_LOW" />
290-->[androidx.work:work-runtime:2.1.0] AndroidManifest.xml:77:17-76
290-->[androidx.work:work-runtime:2.1.0] AndroidManifest.xml:77:25-73
291            </intent-filter>
292        </receiver>
293        <receiver
293-->[androidx.work:work-runtime:2.1.0] AndroidManifest.xml:80:9-90:20
294            android:name="androidx.work.impl.background.systemalarm.ConstraintProxy$StorageNotLowProxy"
294-->[androidx.work:work-runtime:2.1.0] AndroidManifest.xml:81:13-104